[2020-02-07 21:28:45.231] [exthost] [info] extension host started
[2020-02-07 21:28:45.329] [exthost] [info] ExtensionService#_doActivateExtension vscode.debug-auto-launch {"startup":true,"extensionId":{"value":"vscode.debug-auto-launch","_lower":"vscode.debug-auto-launch"},"activationEvent":"*"}
[2020-02-07 21:28:45.329] [exthost] [info] ExtensionService#loadCommonJSModule file:///snap/code/24/usr/share/code/resources/app/extensions/debug-auto-launch/dist/extension
[2020-02-07 21:28:45.339] [exthost] [info] ExtensionService#_doActivateExtension vscode.emmet {"startup":true,"extensionId":{"value":"vscode.emmet","_lower":"vscode.emmet"},"activationEvent":"*"}
[2020-02-07 21:28:45.339] [exthost] [info] ExtensionService#loadCommonJSModule file:///snap/code/24/usr/share/code/resources/app/extensions/emmet/dist/extension
[2020-02-07 21:28:45.393] [exthost] [info] ExtensionService#_doActivateExtension vscode.git {"startup":true,"extensionId":{"value":"vscode.git","_lower":"vscode.git"},"activationEvent":"*"}
[2020-02-07 21:28:45.394] [exthost] [info] ExtensionService#loadCommonJSModule file:///snap/code/24/usr/share/code/resources/app/extensions/git/dist/main
[2020-02-07 21:28:45.497] [exthost] [info] ExtensionService#_doActivateExtension vscode.merge-conflict {"startup":true,"extensionId":{"value":"vscode.merge-conflict","_lower":"vscode.merge-conflict"},"activationEvent":"*"}
[2020-02-07 21:28:45.497] [exthost] [info] ExtensionService#loadCommonJSModule file:///snap/code/24/usr/share/code/resources/app/extensions/merge-conflict/dist/extension
[2020-02-07 21:28:45.502] [exthost] [info] ExtensionService#_doActivateExtension vscode.search-result {"startup":true,"extensionId":{"value":"vscode.search-result","_lower":"vscode.search-result"},"activationEvent":"*"}
[2020-02-07 21:28:45.502] [exthost] [info] ExtensionService#loadCommonJSModule file:///snap/code/24/usr/share/code/resources/app/extensions/search-result/dist/extension.js
[2020-02-07 21:28:45.504] [exthost] [info] ExtensionService#_doActivateExtension vscode.vscode-account {"startup":true,"extensionId":{"value":"vscode.vscode-account","_lower":"vscode.vscode-account"},"activationEvent":"*"}
[2020-02-07 21:28:45.505] [exthost] [info] ExtensionService#loadCommonJSModule file:///snap/code/24/usr/share/code/resources/app/extensions/vscode-account/dist/extension.js
[2020-02-07 21:28:45.509] [exthost] [info] ExtensionService#_doActivateExtension esbenp.prettier-vscode {"startup":true,"extensionId":{"value":"esbenp.prettier-vscode","_lower":"esbenp.prettier-vscode"},"activationEvent":"*"}
[2020-02-07 21:28:45.509] [exthost] [info] ExtensionService#loadCommonJSModule file:///home/fnbogarin/.vscode/extensions/esbenp.prettier-vscode-3.20.0/dist/extension
[2020-02-07 21:28:45.800] [exthost] [info] ExtensionService#_doActivateExtension vscode.npm {"startup":true,"extensionId":{"value":"vscode.npm","_lower":"vscode.npm"},"activationEvent":"workspaceContains:package.json"}
[2020-02-07 21:28:45.800] [exthost] [info] ExtensionService#loadCommonJSModule file:///snap/code/24/usr/share/code/resources/app/extensions/npm/dist/main
[2020-02-07 21:28:45.879] [exthost] [info] eager extensions activated
[2020-02-07 21:39:45.621] [exthost] [info] ExtensionService#_doActivateExtension vscode.typescript-language-features {"startup":false,"extensionId":{"value":"vscode.typescript-language-features","_lower":"vscode.typescript-language-features"},"activationEvent":"onLanguage:javascript"}
[2020-02-07 21:39:45.622] [exthost] [info] ExtensionService#loadCommonJSModule file:///snap/code/24/usr/share/code/resources/app/extensions/typescript-language-features/dist/extension
