[2020-02-06 23:39:34.155] [exthost] [info] extension host started
[2020-02-06 23:39:34.174] [exthost] [info] ExtensionService#_doActivateExtension vscode.debug-auto-launch {"startup":true,"extensionId":{"value":"vscode.debug-auto-launch","_lower":"vscode.debug-auto-launch"},"activationEvent":"*"}
[2020-02-06 23:39:34.175] [exthost] [info] ExtensionService#loadCommonJSModule file:///snap/code/23/usr/share/code/resources/app/extensions/debug-auto-launch/dist/extension
[2020-02-06 23:39:34.181] [exthost] [info] ExtensionService#_doActivateExtension vscode.emmet {"startup":true,"extensionId":{"value":"vscode.emmet","_lower":"vscode.emmet"},"activationEvent":"*"}
[2020-02-06 23:39:34.181] [exthost] [info] ExtensionService#loadCommonJSModule file:///snap/code/23/usr/share/code/resources/app/extensions/emmet/dist/extension
[2020-02-06 23:39:34.221] [exthost] [info] ExtensionService#_doActivateExtension vscode.git {"startup":true,"extensionId":{"value":"vscode.git","_lower":"vscode.git"},"activationEvent":"*"}
[2020-02-06 23:39:34.221] [exthost] [info] ExtensionService#loadCommonJSModule file:///snap/code/23/usr/share/code/resources/app/extensions/git/dist/main
[2020-02-06 23:39:34.279] [exthost] [info] ExtensionService#_doActivateExtension vscode.merge-conflict {"startup":true,"extensionId":{"value":"vscode.merge-conflict","_lower":"vscode.merge-conflict"},"activationEvent":"*"}
[2020-02-06 23:39:34.279] [exthost] [info] ExtensionService#loadCommonJSModule file:///snap/code/23/usr/share/code/resources/app/extensions/merge-conflict/dist/extension
[2020-02-06 23:39:34.283] [exthost] [info] ExtensionService#_doActivateExtension vscode.search-result {"startup":true,"extensionId":{"value":"vscode.search-result","_lower":"vscode.search-result"},"activationEvent":"*"}
[2020-02-06 23:39:34.283] [exthost] [info] ExtensionService#loadCommonJSModule file:///snap/code/23/usr/share/code/resources/app/extensions/search-result/dist/extension.js
[2020-02-06 23:39:34.285] [exthost] [info] eager extensions activated
[2020-02-06 23:39:48.430] [exthost] [info] extension host started
[2020-02-06 23:39:48.487] [exthost] [info] ExtensionService#_doActivateExtension vscode.debug-auto-launch {"startup":true,"extensionId":{"value":"vscode.debug-auto-launch","_lower":"vscode.debug-auto-launch"},"activationEvent":"*"}
[2020-02-06 23:39:48.487] [exthost] [info] ExtensionService#loadCommonJSModule file:///snap/code/23/usr/share/code/resources/app/extensions/debug-auto-launch/dist/extension
[2020-02-06 23:39:48.489] [exthost] [info] ExtensionService#_doActivateExtension vscode.emmet {"startup":true,"extensionId":{"value":"vscode.emmet","_lower":"vscode.emmet"},"activationEvent":"*"}
[2020-02-06 23:39:48.489] [exthost] [info] ExtensionService#loadCommonJSModule file:///snap/code/23/usr/share/code/resources/app/extensions/emmet/dist/extension
[2020-02-06 23:39:48.504] [exthost] [info] ExtensionService#_doActivateExtension vscode.git {"startup":true,"extensionId":{"value":"vscode.git","_lower":"vscode.git"},"activationEvent":"*"}
[2020-02-06 23:39:48.504] [exthost] [info] ExtensionService#loadCommonJSModule file:///snap/code/23/usr/share/code/resources/app/extensions/git/dist/main
[2020-02-06 23:39:48.521] [exthost] [info] ExtensionService#_doActivateExtension vscode.merge-conflict {"startup":true,"extensionId":{"value":"vscode.merge-conflict","_lower":"vscode.merge-conflict"},"activationEvent":"*"}
[2020-02-06 23:39:48.521] [exthost] [info] ExtensionService#loadCommonJSModule file:///snap/code/23/usr/share/code/resources/app/extensions/merge-conflict/dist/extension
[2020-02-06 23:39:48.523] [exthost] [info] ExtensionService#_doActivateExtension vscode.search-result {"startup":true,"extensionId":{"value":"vscode.search-result","_lower":"vscode.search-result"},"activationEvent":"*"}
[2020-02-06 23:39:48.523] [exthost] [info] ExtensionService#loadCommonJSModule file:///snap/code/23/usr/share/code/resources/app/extensions/search-result/dist/extension.js
[2020-02-06 23:39:48.561] [exthost] [info] ExtensionService#_doActivateExtension vscode.npm {"startup":true,"extensionId":{"value":"vscode.npm","_lower":"vscode.npm"},"activationEvent":"workspaceContains:package.json"}
[2020-02-06 23:39:48.561] [exthost] [info] ExtensionService#loadCommonJSModule file:///snap/code/23/usr/share/code/resources/app/extensions/npm/dist/main
[2020-02-06 23:39:48.607] [exthost] [info] eager extensions activated
[2020-02-06 23:40:09.229] [exthost] [info] ExtensionService#_doActivateExtension vscode.configuration-editing {"startup":false,"extensionId":{"value":"vscode.configuration-editing","_lower":"vscode.configuration-editing"},"activationEvent":"onLanguage:jsonc"}
[2020-02-06 23:40:09.229] [exthost] [info] ExtensionService#loadCommonJSModule file:///snap/code/23/usr/share/code/resources/app/extensions/configuration-editing/dist/extension
[2020-02-06 23:40:09.243] [exthost] [info] ExtensionService#_doActivateExtension vscode.json-language-features {"startup":false,"extensionId":{"value":"vscode.json-language-features","_lower":"vscode.json-language-features"},"activationEvent":"onLanguage:jsonc"}
[2020-02-06 23:40:09.243] [exthost] [info] ExtensionService#loadCommonJSModule file:///snap/code/23/usr/share/code/resources/app/extensions/json-language-features/client/dist/jsonMain
[2020-02-06 23:40:09.309] [exthost] [info] ExtensionService#_doActivateExtension vscode.typescript-language-features {"startup":false,"extensionId":{"value":"vscode.typescript-language-features","_lower":"vscode.typescript-language-features"},"activationEvent":"onLanguage:jsonc"}
[2020-02-06 23:40:09.309] [exthost] [info] ExtensionService#loadCommonJSModule file:///snap/code/23/usr/share/code/resources/app/extensions/typescript-language-features/dist/extension
[2020-02-06 23:41:32.357] [exthost] [info] ExtensionService#_doActivateExtension vscode.extension-editing {"startup":false,"extensionId":{"value":"vscode.extension-editing","_lower":"vscode.extension-editing"},"activationEvent":"onLanguage:typescript"}
[2020-02-06 23:41:32.357] [exthost] [info] ExtensionService#loadCommonJSModule file:///snap/code/23/usr/share/code/resources/app/extensions/extension-editing/dist/extension
[2020-02-06 23:55:41.791] [exthost] [error] [vscode.typescript-language-features] provider FAILED
[2020-02-06 23:55:41.795] [exthost] [error] Error: DisposableStore is missing...
	at L._convertCompletionItem (/snap/code/23/usr/share/code/resources/app/out/vs/workbench/services/extensions/node/extensionHostProcess.js:584:351)
	at /snap/code/23/usr/share/code/resources/app/out/vs/workbench/services/extensions/node/extensionHostProcess.js:583:984
[2020-02-06 23:58:32.015] [exthost] [error] [vscode.typescript-language-features] provider FAILED
[2020-02-06 23:58:32.015] [exthost] [error] Error: DisposableStore is missing...
	at L._convertCompletionItem (/snap/code/23/usr/share/code/resources/app/out/vs/workbench/services/extensions/node/extensionHostProcess.js:584:351)
	at /snap/code/23/usr/share/code/resources/app/out/vs/workbench/services/extensions/node/extensionHostProcess.js:583:984
[2020-02-07 11:13:26.575] [exthost] [info] ExtensionService#_doActivateExtension esbenp.prettier-vscode {"startup":false,"extensionId":{"value":"esbenp.prettier-vscode","_lower":"esbenp.prettier-vscode"},"activationEvent":"*"}
[2020-02-07 11:13:26.576] [exthost] [info] ExtensionService#loadCommonJSModule file:///home/fnbogarin/.vscode/extensions/esbenp.prettier-vscode-3.20.0/dist/extension
[2020-02-07 11:56:53.174] [exthost] [warning] INVALID text edit -> must have at least a label
[2020-02-07 16:36:47.860] [exthost] [error] [vscode.typescript-language-features] provider FAILED
[2020-02-07 16:36:47.860] [exthost] [error] Error: DisposableStore is missing...
	at L._convertCompletionItem (/snap/code/23/usr/share/code/resources/app/out/vs/workbench/services/extensions/node/extensionHostProcess.js:584:351)
	at /snap/code/23/usr/share/code/resources/app/out/vs/workbench/services/extensions/node/extensionHostProcess.js:583:984
